<?xml version="1.0" encoding="UTF-8"?>
<!-- Generated by org.testng.reporters.JUnitReportReporter -->
<testsuite hostname="hamdy-ahmed" failures="0" tests="1" name="runner.TestRunner" time="33.363" errors="0" timestamp="2025-05-07T23:44:33 EEST" skipped="0">
  <testcase classname="runner.TestRunner" name="runScenario" time="33.363"/>
</testsuite> <!-- runner.TestRunner -->
